{"/home/rene/generator-joomla/generators/app/index.js":{"path":"/home/rene/generator-joomla/generators/app/index.js","s":{"1":1,"2":1,"3":1,"4":1,"5":1,"6":1,"7":1,"8":1,"9":1,"10":1,"11":1,"12":1,"13":1,"14":1,"15":1,"16":1,"17":1,"18":1,"19":1,"20":1,"21":1,"22":0,"23":0,"24":1,"25":1,"26":0,"27":0,"28":0,"29":0,"30":0,"31":1,"32":1,"33":1,"34":0,"35":0,"36":0,"37":1,"38":0,"39":0,"40":0,"41":1,"42":0,"43":0,"44":0,"45":1,"46":1,"47":1,"48":1,"49":1,"50":1,"51":1,"52":0,"53":0,"54":0,"55":0,"56":0,"57":0,"58":0,"59":0,"60":0,"61":0,"62":0},"b":{"1":[1,0],"2":[0,0],"3":[0,0],"4":[0,0],"5":[0,0],"6":[0,0],"7":[0,0],"8":[0,0],"9":[0,1],"10":[1],"11":[0,0]},"f":{"1":1,"2":1,"3":1,"4":1,"5":0,"6":0,"7":0},"fnMap":{"1":{"name":"(anonymous_1)","line":22,"loc":{"start":{"line":22,"column":13},"end":{"line":22,"column":26}}},"2":{"name":"(anonymous_2)","line":46,"loc":{"start":{"line":46,"column":14},"end":{"line":46,"column":17}}},"3":{"name":"(anonymous_3)","line":53,"loc":{"start":{"line":53,"column":11},"end":{"line":53,"column":14}}},"4":{"name":"(anonymous_4)","line":176,"loc":{"start":{"line":176,"column":37},"end":{"line":176,"column":56}}},"5":{"name":"(anonymous_5)","line":209,"loc":{"start":{"line":209,"column":9},"end":{"line":209,"column":12}}},"6":{"name":"(anonymous_6)","line":235,"loc":{"start":{"line":235,"column":9},"end":{"line":235,"column":12}}},"7":{"name":"(anonymous_7)","line":256,"loc":{"start":{"line":256,"column":5},"end":{"line":256,"column":8}}}},"statementMap":{"1":{"start":{"line":3,"column":0},"end":{"line":3,"column":46}},"2":{"start":{"line":4,"column":0},"end":{"line":4,"column":31}},"3":{"start":{"line":5,"column":0},"end":{"line":5,"column":31}},"4":{"start":{"line":6,"column":0},"end":{"line":6,"column":37}},"5":{"start":{"line":7,"column":0},"end":{"line":7,"column":29}},"6":{"start":{"line":8,"column":0},"end":{"line":8,"column":33}},"7":{"start":{"line":9,"column":0},"end":{"line":9,"column":28}},"8":{"start":{"line":10,"column":0},"end":{"line":10,"column":23}},"9":{"start":{"line":12,"column":0},"end":{"line":19,"column":2}},"10":{"start":{"line":21,"column":0},"end":{"line":259,"column":2}},"11":{"start":{"line":23,"column":4},"end":{"line":23,"column":22}},"12":{"start":{"line":25,"column":4},"end":{"line":30,"column":9}},"13":{"start":{"line":32,"column":4},"end":{"line":37,"column":9}},"14":{"start":{"line":39,"column":4},"end":{"line":43,"column":9}},"15":{"start":{"line":47,"column":4},"end":{"line":49,"column":5}},"16":{"start":{"line":48,"column":6},"end":{"line":48,"column":81}},"17":{"start":{"line":50,"column":4},"end":{"line":50,"column":20}},"18":{"start":{"line":54,"column":4},"end":{"line":54,"column":30}},"19":{"start":{"line":56,"column":4},"end":{"line":174,"column":6}},"20":{"start":{"line":61,"column":8},"end":{"line":61,"column":25}},"21":{"start":{"line":63,"column":8},"end":{"line":67,"column":9}},"22":{"start":{"line":64,"column":10},"end":{"line":66,"column":11}},"23":{"start":{"line":65,"column":12},"end":{"line":65,"column":35}},"24":{"start":{"line":69,"column":8},"end":{"line":73,"column":12}},"25":{"start":{"line":75,"column":8},"end":{"line":75,"column":23}},"26":{"start":{"line":85,"column":8},"end":{"line":90,"column":9}},"27":{"start":{"line":86,"column":10},"end":{"line":86,"column":73}},"28":{"start":{"line":88,"column":13},"end":{"line":90,"column":9}},"29":{"start":{"line":89,"column":10},"end":{"line":89,"column":23}},"30":{"start":{"line":92,"column":8},"end":{"line":92,"column":20}},"31":{"start":{"line":95,"column":8},"end":{"line":95,"column":28}},"32":{"start":{"line":104,"column":8},"end":{"line":104,"column":28}},"33":{"start":{"line":113,"column":8},"end":{"line":113,"column":28}},"34":{"start":{"line":121,"column":8},"end":{"line":123,"column":9}},"35":{"start":{"line":122,"column":10},"end":{"line":122,"column":56}},"36":{"start":{"line":125,"column":8},"end":{"line":125,"column":20}},"37":{"start":{"line":129,"column":8},"end":{"line":129,"column":28}},"38":{"start":{"line":137,"column":8},"end":{"line":139,"column":9}},"39":{"start":{"line":138,"column":10},"end":{"line":138,"column":46}},"40":{"start":{"line":141,"column":8},"end":{"line":141,"column":20}},"41":{"start":{"line":145,"column":8},"end":{"line":145,"column":28}},"42":{"start":{"line":154,"column":8},"end":{"line":156,"column":9}},"43":{"start":{"line":155,"column":10},"end":{"line":155,"column":71}},"44":{"start":{"line":158,"column":8},"end":{"line":158,"column":20}},"45":{"start":{"line":161,"column":8},"end":{"line":161,"column":28}},"46":{"start":{"line":171,"column":8},"end":{"line":171,"column":28}},"47":{"start":{"line":176,"column":4},"end":{"line":206,"column":18}},"48":{"start":{"line":177,"column":6},"end":{"line":186,"column":8}},"49":{"start":{"line":188,"column":6},"end":{"line":203,"column":7}},"50":{"start":{"line":200,"column":10},"end":{"line":200,"column":17}},"51":{"start":{"line":201,"column":10},"end":{"line":201,"column":25}},"52":{"start":{"line":202,"column":10},"end":{"line":202,"column":15}},"53":{"start":{"line":205,"column":6},"end":{"line":205,"column":13}},"54":{"start":{"line":210,"column":4},"end":{"line":217,"column":5}},"55":{"start":{"line":211,"column":6},"end":{"line":214,"column":8}},"56":{"start":{"line":215,"column":6},"end":{"line":215,"column":30}},"57":{"start":{"line":216,"column":6},"end":{"line":216,"column":66}},"58":{"start":{"line":219,"column":4},"end":{"line":222,"column":6}},"59":{"start":{"line":224,"column":4},"end":{"line":227,"column":6}},"60":{"start":{"line":229,"column":4},"end":{"line":232,"column":6}},"61":{"start":{"line":236,"column":4},"end":{"line":253,"column":6}},"62":{"start":{"line":257,"column":4},"end":{"line":257,"column":16}}},"branchMap":{"1":{"line":47,"type":"if","locations":[{"start":{"line":47,"column":4},"end":{"line":47,"column":4}},{"start":{"line":47,"column":4},"end":{"line":47,"column":4}}]},"2":{"line":64,"type":"if","locations":[{"start":{"line":64,"column":10},"end":{"line":64,"column":10}},{"start":{"line":64,"column":10},"end":{"line":64,"column":10}}]},"3":{"line":85,"type":"if","locations":[{"start":{"line":85,"column":8},"end":{"line":85,"column":8}},{"start":{"line":85,"column":8},"end":{"line":85,"column":8}}]},"4":{"line":88,"type":"if","locations":[{"start":{"line":88,"column":13},"end":{"line":88,"column":13}},{"start":{"line":88,"column":13},"end":{"line":88,"column":13}}]},"5":{"line":121,"type":"if","locations":[{"start":{"line":121,"column":8},"end":{"line":121,"column":8}},{"start":{"line":121,"column":8},"end":{"line":121,"column":8}}]},"6":{"line":137,"type":"if","locations":[{"start":{"line":137,"column":8},"end":{"line":137,"column":8}},{"start":{"line":137,"column":8},"end":{"line":137,"column":8}}]},"7":{"line":137,"type":"binary-expr","locations":[{"start":{"line":137,"column":12},"end":{"line":137,"column":31}},{"start":{"line":137,"column":35},"end":{"line":137,"column":112}}]},"8":{"line":154,"type":"if","locations":[{"start":{"line":154,"column":8},"end":{"line":154,"column":8}},{"start":{"line":154,"column":8},"end":{"line":154,"column":8}}]},"9":{"line":185,"type":"cond-expr","locations":[{"start":{"line":185,"column":29},"end":{"line":185,"column":41}},{"start":{"line":185,"column":44},"end":{"line":185,"column":60}}]},"10":{"line":188,"type":"switch","locations":[{"start":{"line":199,"column":8},"end":{"line":202,"column":15}}]},"11":{"line":210,"type":"if","locations":[{"start":{"line":210,"column":4},"end":{"line":210,"column":4}},{"start":{"line":210,"column":4},"end":{"line":210,"column":4}}]}}}}