TN:
SF:/home/rene/generator-joomla/generators/app/index.js
FN:22,(anonymous_1)
FN:46,(anonymous_2)
FN:53,(anonymous_3)
FN:176,(anonymous_4)
FN:209,(anonymous_5)
FN:235,(anonymous_6)
FN:256,(anonymous_7)
FNF:7
FNH:4
FNDA:1,(anonymous_1)
FNDA:1,(anonymous_2)
FNDA:1,(anonymous_3)
FNDA:1,(anonymous_4)
FNDA:0,(anonymous_5)
FNDA:0,(anonymous_6)
FNDA:0,(anonymous_7)
DA:3,1
DA:4,1
DA:5,1
DA:6,1
DA:7,1
DA:8,1
DA:9,1
DA:10,1
DA:12,1
DA:21,1
DA:23,1
DA:25,1
DA:32,1
DA:39,1
DA:47,1
DA:48,1
DA:50,1
DA:54,1
DA:56,1
DA:61,1
DA:63,1
DA:64,0
DA:65,0
DA:69,1
DA:75,1
DA:85,0
DA:86,0
DA:88,0
DA:89,0
DA:92,0
DA:95,1
DA:104,1
DA:113,1
DA:121,0
DA:122,0
DA:125,0
DA:129,1
DA:137,0
DA:138,0
DA:141,0
DA:145,1
DA:154,0
DA:155,0
DA:158,0
DA:161,1
DA:171,1
DA:176,1
DA:177,1
DA:188,1
DA:200,1
DA:201,1
DA:202,0
DA:205,0
DA:210,0
DA:211,0
DA:215,0
DA:216,0
DA:219,0
DA:224,0
DA:229,0
DA:236,0
DA:257,0
LF:62
LH:35
BRDA:47,1,0,1
BRDA:47,1,1,0
BRDA:64,2,0,0
BRDA:64,2,1,0
BRDA:85,3,0,0
BRDA:85,3,1,0
BRDA:88,4,0,0
BRDA:88,4,1,0
BRDA:121,5,0,0
BRDA:121,5,1,0
BRDA:137,6,0,0
BRDA:137,6,1,0
BRDA:137,7,0,0
BRDA:137,7,1,0
BRDA:154,8,0,0
BRDA:154,8,1,0
BRDA:185,9,0,0
BRDA:185,9,1,1
BRDA:188,10,0,1
BRDA:210,11,0,0
BRDA:210,11,1,0
BRF:21
BRH:3
end_of_record
